[INFO] 2022-10-21 14:04:53,593 org.springframework.web.context.ContextLoader initWebApplicationContext - Root WebApplicationContext: initialization started
[INFO] 2022-10-21 14:04:53,850 org.springframework.web.context.ContextLoader initWebApplicationContext - Root WebApplicationContext initialized in 254 ms
[INFO] 2022-10-21 14:04:53,927 org.springframework.web.servlet.DispatcherServlet initServletBean - Initializing Servlet 'appServlet'
[INFO] 2022-10-21 14:04:54,798 org.springframework.web.servlet.DispatcherServlet initServletBean - Completed initialization in 871 ms
[INFO] 2022-10-21 14:15:28,343 org.springframework.web.context.ContextLoader initWebApplicationContext - Root WebApplicationContext: initialization started
[INFO] 2022-10-21 14:15:28,660 org.springframework.web.context.ContextLoader initWebApplicationContext - Root WebApplicationContext initialized in 308 ms
[INFO] 2022-10-21 14:15:28,759 org.springframework.web.servlet.DispatcherServlet initServletBean - Initializing Servlet 'appServlet'
[INFO] 2022-10-21 14:15:29,709 org.springframework.web.servlet.DispatcherServlet initServletBean - Completed initialization in 950 ms
[INFO] 2022-10-21 14:35:08,304 org.springframework.web.context.ContextLoader initWebApplicationContext - Root WebApplicationContext: initialization started
[INFO] 2022-10-21 14:35:08,614 org.springframework.web.context.ContextLoader initWebApplicationContext - Root WebApplicationContext initialized in 307 ms
[INFO] 2022-10-21 14:35:08,713 org.springframework.web.servlet.DispatcherServlet initServletBean - Initializing Servlet 'appServlet'
[INFO] 2022-10-21 14:35:09,679 org.springframework.web.servlet.DispatcherServlet initServletBean - Completed initialization in 966 ms
[WARN] 2022-10-21 14:37:09,288 org.springframework.web.servlet.PageNotFound noHandlerFound - No mapping for GET /myadv/hungry
[INFO] 2022-10-21 14:45:12,796 org.springframework.web.context.ContextLoader initWebApplicationContext - Root WebApplicationContext: initialization started
[INFO] 2022-10-21 14:45:13,087 org.springframework.web.context.ContextLoader initWebApplicationContext - Root WebApplicationContext initialized in 289 ms
[INFO] 2022-10-21 14:45:13,176 org.springframework.web.servlet.DispatcherServlet initServletBean - Initializing Servlet 'appServlet'
[INFO] 2022-10-21 14:45:14,141 org.springframework.web.servlet.DispatcherServlet initServletBean - Completed initialization in 965 ms
[INFO] 2022-10-21 14:46:41,372 org.springframework.web.context.ContextLoader initWebApplicationContext - Root WebApplicationContext: initialization started
[INFO] 2022-10-21 14:46:41,676 org.springframework.web.context.ContextLoader initWebApplicationContext - Root WebApplicationContext initialized in 301 ms
[INFO] 2022-10-21 14:46:41,774 org.springframework.web.servlet.DispatcherServlet initServletBean - Initializing Servlet 'appServlet'
[INFO] 2022-10-21 14:46:42,733 org.springframework.web.servlet.DispatcherServlet initServletBean - Completed initialization in 958 ms
[INFO] 2022-10-21 14:47:35,754 org.springframework.web.context.ContextLoader initWebApplicationContext - Root WebApplicationContext: initialization started
[INFO] 2022-10-21 14:47:36,047 org.springframework.web.context.ContextLoader initWebApplicationContext - Root WebApplicationContext initialized in 290 ms
[INFO] 2022-10-21 14:47:36,137 org.springframework.web.servlet.DispatcherServlet initServletBean - Initializing Servlet 'appServlet'
[INFO] 2022-10-21 14:47:37,103 org.springframework.web.servlet.DispatcherServlet initServletBean - Completed initialization in 966 ms
[INFO] 2022-10-21 14:51:29,437 org.springframework.web.context.ContextLoader initWebApplicationContext - Root WebApplicationContext: initialization started
[INFO] 2022-10-21 14:51:29,699 org.springframework.web.context.ContextLoader initWebApplicationContext - Root WebApplicationContext initialized in 260 ms
[INFO] 2022-10-21 14:51:29,781 org.springframework.web.servlet.DispatcherServlet initServletBean - Initializing Servlet 'appServlet'
[INFO] 2022-10-21 14:51:30,671 org.springframework.web.servlet.DispatcherServlet initServletBean - Completed initialization in 890 ms
[INFO] 2022-10-21 14:52:48,190 org.springframework.web.context.ContextLoader initWebApplicationContext - Root WebApplicationContext: initialization started
[INFO] 2022-10-21 14:52:48,439 org.springframework.web.context.ContextLoader initWebApplicationContext - Root WebApplicationContext initialized in 246 ms
[INFO] 2022-10-21 14:52:48,513 org.springframework.web.servlet.DispatcherServlet initServletBean - Initializing Servlet 'appServlet'
[INFO] 2022-10-21 14:52:49,362 org.springframework.web.servlet.DispatcherServlet initServletBean - Completed initialization in 849 ms
[INFO] 2022-10-21 14:55:43,726 org.springframework.web.context.ContextLoader initWebApplicationContext - Root WebApplicationContext: initialization started
[INFO] 2022-10-21 14:55:44,042 org.springframework.web.context.ContextLoader initWebApplicationContext - Root WebApplicationContext initialized in 314 ms
[INFO] 2022-10-21 14:55:44,133 org.springframework.web.servlet.DispatcherServlet initServletBean - Initializing Servlet 'appServlet'
[INFO] 2022-10-21 14:55:45,098 org.springframework.web.servlet.DispatcherServlet initServletBean - Completed initialization in 965 ms
[INFO] 2022-10-21 14:57:15,524 org.springframework.web.context.ContextLoader initWebApplicationContext - Root WebApplicationContext: initialization started
[INFO] 2022-10-21 14:57:15,813 org.springframework.web.context.ContextLoader initWebApplicationContext - Root WebApplicationContext initialized in 286 ms
[INFO] 2022-10-21 14:57:15,904 org.springframework.web.servlet.DispatcherServlet initServletBean - Initializing Servlet 'appServlet'
[INFO] 2022-10-21 14:57:16,903 org.springframework.web.servlet.DispatcherServlet initServletBean - Completed initialization in 999 ms
[INFO] 2022-10-21 14:57:39,515 org.springframework.web.context.ContextLoader initWebApplicationContext - Root WebApplicationContext: initialization started
[INFO] 2022-10-21 14:57:44,846 org.springframework.web.context.ContextLoader initWebApplicationContext - Root WebApplicationContext: initialization started
[INFO] 2022-10-21 14:57:45,138 org.springframework.web.context.ContextLoader initWebApplicationContext - Root WebApplicationContext initialized in 289 ms
[INFO] 2022-10-21 14:57:45,230 org.springframework.web.servlet.DispatcherServlet initServletBean - Initializing Servlet 'appServlet'
[WARN] 2022-10-21 14:57:45,895 org.springframework.web.context.support.XmlWebApplicationContext refresh - Exception encountered during context initialization - cancelling refresh attempt: org.springframework.beans.factory.BeanCreationException: Error creating bean with name 'org.springframework.web.servlet.mvc.method.annotation.RequestMappingHandlerMapping': Invocation of init method failed; nested exception is java.lang.IllegalStateException: Invalid mapping on handler class [com.mycom.myadv.controller.ExceptionTestController]: public java.lang.String com.mycom.myadv.controller.ExceptionTestController.handlerError1(javax.servlet.http.HttpServletRequest,org.springframework.ui.Model,java.lang.Exception)
[ERROR] 2022-10-21 14:57:45,897 org.springframework.web.servlet.DispatcherServlet initServletBean - Context initialization failed
org.springframework.beans.factory.BeanCreationException: Error creating bean with name 'org.springframework.web.servlet.mvc.method.annotation.RequestMappingHandlerMapping': Invocation of init method failed; nested exception is java.lang.IllegalStateException: Invalid mapping on handler class [com.mycom.myadv.controller.ExceptionTestController]: public java.lang.String com.mycom.myadv.controller.ExceptionTestController.handlerError1(javax.servlet.http.HttpServletRequest,org.springframework.ui.Model,java.lang.Exception)
	at org.springframework.beans.factory.support.AbstractAutowireCapableBeanFactory.initializeBean(AbstractAutowireCapableBeanFactory.java:1796)
	at org.springframework.beans.factory.support.AbstractAutowireCapableBeanFactory.doCreateBean(AbstractAutowireCapableBeanFactory.java:595)
	at org.springframework.beans.factory.support.AbstractAutowireCapableBeanFactory.createBean(AbstractAutowireCapableBeanFactory.java:517)
	at org.springframework.beans.factory.support.AbstractBeanFactory.lambda$doGetBean$0(AbstractBeanFactory.java:323)
	at org.springframework.beans.factory.support.DefaultSingletonBeanRegistry.getSingleton(DefaultSingletonBeanRegistry.java:226)
	at org.springframework.beans.factory.support.AbstractBeanFactory.doGetBean(AbstractBeanFactory.java:321)
	at org.springframework.beans.factory.support.AbstractBeanFactory.getBean(AbstractBeanFactory.java:202)
	at org.springframework.beans.factory.support.DefaultListableBeanFactory.preInstantiateSingletons(DefaultListableBeanFactory.java:895)
	at org.springframework.context.support.AbstractApplicationContext.finishBeanFactoryInitialization(AbstractApplicationContext.java:878)
	at org.springframework.context.support.AbstractApplicationContext.refresh(AbstractApplicationContext.java:550)
	at org.springframework.web.servlet.FrameworkServlet.configureAndRefreshWebApplicationContext(FrameworkServlet.java:702)
	at org.springframework.web.servlet.FrameworkServlet.createWebApplicationContext(FrameworkServlet.java:668)
	at org.springframework.web.servlet.FrameworkServlet.createWebApplicationContext(FrameworkServlet.java:716)
	at org.springframework.web.servlet.FrameworkServlet.initWebApplicationContext(FrameworkServlet.java:591)
	at org.springframework.web.servlet.FrameworkServlet.initServletBean(FrameworkServlet.java:530)
	at org.springframework.web.servlet.HttpServletBean.init(HttpServletBean.java:170)
	at javax.servlet.GenericServlet.init(GenericServlet.java:158)
	at org.apache.catalina.core.StandardWrapper.initServlet(StandardWrapper.java:1164)
	at org.apache.catalina.core.StandardWrapper.loadServlet(StandardWrapper.java:1117)
	at org.apache.catalina.core.StandardWrapper.load(StandardWrapper.java:1010)
	at org.apache.catalina.core.StandardContext.loadOnStartup(StandardContext.java:4957)
	at org.apache.catalina.core.StandardContext.startInternal(StandardContext.java:5264)
	at org.apache.catalina.util.LifecycleBase.start(LifecycleBase.java:183)
	at org.apache.catalina.core.ContainerBase$StartChild.call(ContainerBase.java:1396)
	at org.apache.catalina.core.ContainerBase$StartChild.call(ContainerBase.java:1386)
	at java.util.concurrent.FutureTask.run(FutureTask.java:266)
	at org.apache.tomcat.util.threads.InlineExecutorService.execute(InlineExecutorService.java:75)
	at java.util.concurrent.AbstractExecutorService.submit(AbstractExecutorService.java:134)
	at org.apache.catalina.core.ContainerBase.startInternal(ContainerBase.java:919)
	at org.apache.catalina.core.StandardHost.startInternal(StandardHost.java:835)
	at org.apache.catalina.util.LifecycleBase.start(LifecycleBase.java:183)
	at org.apache.catalina.core.ContainerBase$StartChild.call(ContainerBase.java:1396)
	at org.apache.catalina.core.ContainerBase$StartChild.call(ContainerBase.java:1386)
	at java.util.concurrent.FutureTask.run(FutureTask.java:266)
	at org.apache.tomcat.util.threads.InlineExecutorService.execute(InlineExecutorService.java:75)
	at java.util.concurrent.AbstractExecutorService.submit(AbstractExecutorService.java:134)
	at org.apache.catalina.core.ContainerBase.startInternal(ContainerBase.java:919)
	at org.apache.catalina.core.StandardEngine.startInternal(StandardEngine.java:265)
	at org.apache.catalina.util.LifecycleBase.start(LifecycleBase.java:183)
	at org.apache.catalina.core.StandardService.startInternal(StandardService.java:432)
	at org.apache.catalina.util.LifecycleBase.start(LifecycleBase.java:183)
	at org.apache.catalina.core.StandardServer.startInternal(StandardServer.java:930)
	at org.apache.catalina.util.LifecycleBase.start(LifecycleBase.java:183)
	at org.apache.catalina.startup.Catalina.start(Catalina.java:772)
	at sun.reflect.NativeMethodAccessorImpl.invoke0(Native Method)
	at sun.reflect.NativeMethodAccessorImpl.invoke(NativeMethodAccessorImpl.java:62)
	at sun.reflect.DelegatingMethodAccessorImpl.invoke(DelegatingMethodAccessorImpl.java:43)
	at java.lang.reflect.Method.invoke(Method.java:498)
	at org.apache.catalina.startup.Bootstrap.start(Bootstrap.java:345)
	at org.apache.catalina.startup.Bootstrap.main(Bootstrap.java:476)
Caused by: java.lang.IllegalStateException: Invalid mapping on handler class [com.mycom.myadv.controller.ExceptionTestController]: public java.lang.String com.mycom.myadv.controller.ExceptionTestController.handlerError1(javax.servlet.http.HttpServletRequest,org.springframework.ui.Model,java.lang.Exception)
	at org.springframework.web.servlet.handler.AbstractHandlerMethodMapping.lambda$detectHandlerMethods$0(AbstractHandlerMethodMapping.java:280)
	at org.springframework.core.MethodIntrospector.lambda$selectMethods$0(MethodIntrospector.java:74)
	at org.springframework.util.ReflectionUtils.doWithMethods(ReflectionUtils.java:364)
	at org.springframework.core.MethodIntrospector.selectMethods(MethodIntrospector.java:72)
	at org.springframework.web.servlet.handler.AbstractHandlerMethodMapping.detectHandlerMethods(AbstractHandlerMethodMapping.java:273)
	at org.springframework.web.servlet.handler.AbstractHandlerMethodMapping.processCandidateBean(AbstractHandlerMethodMapping.java:258)
	at org.springframework.web.servlet.handler.AbstractHandlerMethodMapping.initHandlerMethods(AbstractHandlerMethodMapping.java:217)
	at org.springframework.web.servlet.handler.AbstractHandlerMethodMapping.afterPropertiesSet(AbstractHandlerMethodMapping.java:205)
	at org.springframework.web.servlet.mvc.method.annotation.RequestMappingHandlerMapping.afterPropertiesSet(RequestMappingHandlerMapping.java:188)
	at org.springframework.beans.factory.support.AbstractAutowireCapableBeanFactory.invokeInitMethods(AbstractAutowireCapableBeanFactory.java:1855)
	at org.springframework.beans.factory.support.AbstractAutowireCapableBeanFactory.initializeBean(AbstractAutowireCapableBeanFactory.java:1792)
	... 49 more
Caused by: java.lang.ArrayStoreException: sun.reflect.annotation.TypeNotPresentExceptionProxy
	at sun.reflect.annotation.AnnotationParser.parseClassArray(AnnotationParser.java:724)
	at sun.reflect.annotation.AnnotationParser.parseArray(AnnotationParser.java:531)
	at sun.reflect.annotation.AnnotationParser.parseMemberValue(AnnotationParser.java:355)
	at sun.reflect.annotation.AnnotationParser.parseAnnotation2(AnnotationParser.java:286)
	at sun.reflect.annotation.AnnotationParser.parseAnnotations2(AnnotationParser.java:120)
	at sun.reflect.annotation.AnnotationParser.parseAnnotations(AnnotationParser.java:72)
	at java.lang.reflect.Executable.declaredAnnotations(Executable.java:599)
	at java.lang.reflect.Executable.declaredAnnotations(Executable.java:597)
	at java.lang.reflect.Executable.getDeclaredAnnotations(Executable.java:588)
	at java.lang.reflect.Method.getDeclaredAnnotations(Method.java:630)
	at org.springframework.core.annotation.AnnotationsScanner.getDeclaredAnnotations(AnnotationsScanner.java:499)
	at org.springframework.core.annotation.AnnotationsScanner.isKnownEmpty(AnnotationsScanner.java:543)
	at org.springframework.core.annotation.TypeMappedAnnotations.from(TypeMappedAnnotations.java:251)
	at org.springframework.core.annotation.MergedAnnotations.from(MergedAnnotations.java:329)
	at org.springframework.core.annotation.AnnotatedElementUtils.findAnnotations(AnnotatedElementUtils.java:764)
	at org.springframework.core.annotation.AnnotatedElementUtils.findMergedAnnotation(AnnotatedElementUtils.java:632)
	at org.springframework.web.servlet.mvc.method.annotation.RequestMappingHandlerMapping.createRequestMappingInfo(RequestMappingHandlerMapping.java:291)
	at org.springframework.web.servlet.mvc.method.annotation.RequestMappingHandlerMapping.getMappingForMethod(RequestMappingHandlerMapping.java:254)
	at org.springframework.web.servlet.mvc.method.annotation.RequestMappingHandlerMapping.getMappingForMethod(RequestMappingHandlerMapping.java:74)
	at org.springframework.web.servlet.handler.AbstractHandlerMethodMapping.lambda$detectHandlerMethods$0(AbstractHandlerMethodMapping.java:276)
	... 59 more
[INFO] 2022-10-21 14:57:48,372 org.springframework.web.servlet.DispatcherServlet initServletBean - Initializing Servlet 'appServlet'
[WARN] 2022-10-21 14:57:48,412 org.springframework.web.context.support.XmlWebApplicationContext refresh - Exception encountered during context initialization - cancelling refresh attempt: org.springframework.beans.factory.BeanCreationException: Error creating bean with name 'org.springframework.web.servlet.mvc.method.annotation.RequestMappingHandlerMapping': Invocation of init method failed; nested exception is java.lang.IllegalStateException: Invalid mapping on handler class [com.mycom.myadv.controller.ExceptionTestController]: public java.lang.String com.mycom.myadv.controller.ExceptionTestController.handlerError1(javax.servlet.http.HttpServletRequest,org.springframework.ui.Model,java.lang.Exception)
[ERROR] 2022-10-21 14:57:48,412 org.springframework.web.servlet.DispatcherServlet initServletBean - Context initialization failed
org.springframework.beans.factory.BeanCreationException: Error creating bean with name 'org.springframework.web.servlet.mvc.method.annotation.RequestMappingHandlerMapping': Invocation of init method failed; nested exception is java.lang.IllegalStateException: Invalid mapping on handler class [com.mycom.myadv.controller.ExceptionTestController]: public java.lang.String com.mycom.myadv.controller.ExceptionTestController.handlerError1(javax.servlet.http.HttpServletRequest,org.springframework.ui.Model,java.lang.Exception)
	at org.springframework.beans.factory.support.AbstractAutowireCapableBeanFactory.initializeBean(AbstractAutowireCapableBeanFactory.java:1796)
	at org.springframework.beans.factory.support.AbstractAutowireCapableBeanFactory.doCreateBean(AbstractAutowireCapableBeanFactory.java:595)
	at org.springframework.beans.factory.support.AbstractAutowireCapableBeanFactory.createBean(AbstractAutowireCapableBeanFactory.java:517)
	at org.springframework.beans.factory.support.AbstractBeanFactory.lambda$doGetBean$0(AbstractBeanFactory.java:323)
	at org.springframework.beans.factory.support.DefaultSingletonBeanRegistry.getSingleton(DefaultSingletonBeanRegistry.java:226)
	at org.springframework.beans.factory.support.AbstractBeanFactory.doGetBean(AbstractBeanFactory.java:321)
	at org.springframework.beans.factory.support.AbstractBeanFactory.getBean(AbstractBeanFactory.java:202)
	at org.springframework.beans.factory.support.DefaultListableBeanFactory.preInstantiateSingletons(DefaultListableBeanFactory.java:895)
	at org.springframework.context.support.AbstractApplicationContext.finishBeanFactoryInitialization(AbstractApplicationContext.java:878)
	at org.springframework.context.support.AbstractApplicationContext.refresh(AbstractApplicationContext.java:550)
	at org.springframework.web.servlet.FrameworkServlet.configureAndRefreshWebApplicationContext(FrameworkServlet.java:702)
	at org.springframework.web.servlet.FrameworkServlet.createWebApplicationContext(FrameworkServlet.java:668)
	at org.springframework.web.servlet.FrameworkServlet.createWebApplicationContext(FrameworkServlet.java:716)
	at org.springframework.web.servlet.FrameworkServlet.initWebApplicationContext(FrameworkServlet.java:591)
	at org.springframework.web.servlet.FrameworkServlet.initServletBean(FrameworkServlet.java:530)
	at org.springframework.web.servlet.HttpServletBean.init(HttpServletBean.java:170)
	at javax.servlet.GenericServlet.init(GenericServlet.java:158)
	at org.apache.catalina.core.StandardWrapper.initServlet(StandardWrapper.java:1164)
	at org.apache.catalina.core.StandardWrapper.loadServlet(StandardWrapper.java:1117)
	at org.apache.catalina.core.StandardWrapper.allocate(StandardWrapper.java:788)
	at org.apache.catalina.core.StandardWrapperValve.invoke(StandardWrapperValve.java:128)
	at org.apache.catalina.core.StandardContextValve.invoke(StandardContextValve.java:97)
	at org.apache.catalina.authenticator.AuthenticatorBase.invoke(AuthenticatorBase.java:541)
	at org.apache.catalina.core.StandardHostValve.invoke(StandardHostValve.java:135)
	at org.apache.catalina.valves.ErrorReportValve.invoke(ErrorReportValve.java:92)
	at org.apache.catalina.valves.AbstractAccessLogValve.invoke(AbstractAccessLogValve.java:687)
	at org.apache.catalina.core.StandardEngineValve.invoke(StandardEngineValve.java:78)
	at org.apache.catalina.connector.CoyoteAdapter.service(CoyoteAdapter.java:360)
	at org.apache.coyote.http11.Http11Processor.service(Http11Processor.java:399)
	at org.apache.coyote.AbstractProcessorLight.process(AbstractProcessorLight.java:65)
	at org.apache.coyote.AbstractProtocol$ConnectionHandler.process(AbstractProtocol.java:890)
	at org.apache.tomcat.util.net.NioEndpoint$SocketProcessor.doRun(NioEndpoint.java:1789)
	at org.apache.tomcat.util.net.SocketProcessorBase.run(SocketProcessorBase.java:49)
	at org.apache.tomcat.util.threads.ThreadPoolExecutor.runWorker(ThreadPoolExecutor.java:1191)
	at org.apache.tomcat.util.threads.ThreadPoolExecutor$Worker.run(ThreadPoolExecutor.java:659)
	at org.apache.tomcat.util.threads.TaskThread$WrappingRunnable.run(TaskThread.java:61)
	at java.lang.Thread.run(Thread.java:748)
Caused by: java.lang.IllegalStateException: Invalid mapping on handler class [com.mycom.myadv.controller.ExceptionTestController]: public java.lang.String com.mycom.myadv.controller.ExceptionTestController.handlerError1(javax.servlet.http.HttpServletRequest,org.springframework.ui.Model,java.lang.Exception)
	at org.springframework.web.servlet.handler.AbstractHandlerMethodMapping.lambda$detectHandlerMethods$0(AbstractHandlerMethodMapping.java:280)
	at org.springframework.core.MethodIntrospector.lambda$selectMethods$0(MethodIntrospector.java:74)
	at org.springframework.util.ReflectionUtils.doWithMethods(ReflectionUtils.java:364)
	at org.springframework.core.MethodIntrospector.selectMethods(MethodIntrospector.java:72)
	at org.springframework.web.servlet.handler.AbstractHandlerMethodMapping.detectHandlerMethods(AbstractHandlerMethodMapping.java:273)
	at org.springframework.web.servlet.handler.AbstractHandlerMethodMapping.processCandidateBean(AbstractHandlerMethodMapping.java:258)
	at org.springframework.web.servlet.handler.AbstractHandlerMethodMapping.initHandlerMethods(AbstractHandlerMethodMapping.java:217)
	at org.springframework.web.servlet.handler.AbstractHandlerMethodMapping.afterPropertiesSet(AbstractHandlerMethodMapping.java:205)
	at org.springframework.web.servlet.mvc.method.annotation.RequestMappingHandlerMapping.afterPropertiesSet(RequestMappingHandlerMapping.java:188)
	at org.springframework.beans.factory.support.AbstractAutowireCapableBeanFactory.invokeInitMethods(AbstractAutowireCapableBeanFactory.java:1855)
	at org.springframework.beans.factory.support.AbstractAutowireCapableBeanFactory.initializeBean(AbstractAutowireCapableBeanFactory.java:1792)
	... 36 more
Caused by: java.lang.ArrayStoreException: sun.reflect.annotation.TypeNotPresentExceptionProxy
	at sun.reflect.annotation.AnnotationParser.parseClassArray(AnnotationParser.java:724)
	at sun.reflect.annotation.AnnotationParser.parseArray(AnnotationParser.java:531)
	at sun.reflect.annotation.AnnotationParser.parseMemberValue(AnnotationParser.java:355)
	at sun.reflect.annotation.AnnotationParser.parseAnnotation2(AnnotationParser.java:286)
	at sun.reflect.annotation.AnnotationParser.parseAnnotations2(AnnotationParser.java:120)
	at sun.reflect.annotation.AnnotationParser.parseAnnotations(AnnotationParser.java:72)
	at java.lang.reflect.Executable.declaredAnnotations(Executable.java:599)
	at java.lang.reflect.Executable.declaredAnnotations(Executable.java:597)
	at java.lang.reflect.Executable.getDeclaredAnnotations(Executable.java:588)
	at java.lang.reflect.Method.getDeclaredAnnotations(Method.java:630)
	at org.springframework.core.annotation.AnnotationsScanner.getDeclaredAnnotations(AnnotationsScanner.java:499)
	at org.springframework.core.annotation.AnnotationsScanner.isKnownEmpty(AnnotationsScanner.java:543)
	at org.springframework.core.annotation.TypeMappedAnnotations.from(TypeMappedAnnotations.java:251)
	at org.springframework.core.annotation.MergedAnnotations.from(MergedAnnotations.java:329)
	at org.springframework.core.annotation.AnnotatedElementUtils.findAnnotations(AnnotatedElementUtils.java:764)
	at org.springframework.core.annotation.AnnotatedElementUtils.findMergedAnnotation(AnnotatedElementUtils.java:632)
	at org.springframework.web.servlet.mvc.method.annotation.RequestMappingHandlerMapping.createRequestMappingInfo(RequestMappingHandlerMapping.java:291)
	at org.springframework.web.servlet.mvc.method.annotation.RequestMappingHandlerMapping.getMappingForMethod(RequestMappingHandlerMapping.java:254)
	at org.springframework.web.servlet.mvc.method.annotation.RequestMappingHandlerMapping.getMappingForMethod(RequestMappingHandlerMapping.java:74)
	at org.springframework.web.servlet.handler.AbstractHandlerMethodMapping.lambda$detectHandlerMethods$0(AbstractHandlerMethodMapping.java:276)
	... 46 more
[INFO] 2022-10-21 14:57:57,793 org.springframework.web.context.ContextLoader initWebApplicationContext - Root WebApplicationContext: initialization started
[INFO] 2022-10-21 14:57:58,053 org.springframework.web.context.ContextLoader initWebApplicationContext - Root WebApplicationContext initialized in 258 ms
[INFO] 2022-10-21 14:57:58,134 org.springframework.web.servlet.DispatcherServlet initServletBean - Initializing Servlet 'appServlet'
[INFO] 2022-10-21 14:57:59,027 org.springframework.web.servlet.DispatcherServlet initServletBean - Completed initialization in 893 ms
[INFO] 2022-10-21 14:58:21,493 org.springframework.web.context.ContextLoader initWebApplicationContext - Root WebApplicationContext: initialization started
[INFO] 2022-10-21 14:58:21,787 org.springframework.web.context.ContextLoader initWebApplicationContext - Root WebApplicationContext initialized in 293 ms
[INFO] 2022-10-21 14:58:21,862 org.springframework.web.servlet.DispatcherServlet initServletBean - Initializing Servlet 'appServlet'
[INFO] 2022-10-21 14:58:22,696 org.springframework.web.servlet.DispatcherServlet initServletBean - Completed initialization in 834 ms
[INFO] 2022-10-21 14:59:40,202 org.springframework.web.context.ContextLoader initWebApplicationContext - Root WebApplicationContext: initialization started
[INFO] 2022-10-21 14:59:40,446 org.springframework.web.context.ContextLoader initWebApplicationContext - Root WebApplicationContext initialized in 242 ms
[INFO] 2022-10-21 14:59:40,523 org.springframework.web.servlet.DispatcherServlet initServletBean - Initializing Servlet 'appServlet'
[INFO] 2022-10-21 14:59:41,381 org.springframework.web.servlet.DispatcherServlet initServletBean - Completed initialization in 858 ms
[INFO] 2022-10-21 15:03:33,348 org.springframework.web.context.ContextLoader initWebApplicationContext - Root WebApplicationContext: initialization started
[INFO] 2022-10-21 15:03:33,594 org.springframework.web.context.ContextLoader initWebApplicationContext - Root WebApplicationContext initialized in 244 ms
[INFO] 2022-10-21 15:03:33,669 org.springframework.web.servlet.DispatcherServlet initServletBean - Initializing Servlet 'appServlet'
[INFO] 2022-10-21 15:03:34,496 org.springframework.web.servlet.DispatcherServlet initServletBean - Completed initialization in 826 ms
[INFO] 2022-10-21 15:04:19,013 org.springframework.web.context.ContextLoader initWebApplicationContext - Root WebApplicationContext: initialization started
[INFO] 2022-10-21 15:04:19,314 org.springframework.web.context.ContextLoader initWebApplicationContext - Root WebApplicationContext initialized in 299 ms
[INFO] 2022-10-21 15:04:19,409 org.springframework.web.servlet.DispatcherServlet initServletBean - Initializing Servlet 'appServlet'
[INFO] 2022-10-21 15:04:20,378 org.springframework.web.servlet.DispatcherServlet initServletBean - Completed initialization in 969 ms
[WARN] 2022-10-21 15:13:06,302 org.springframework.web.servlet.PageNotFound noHandlerFound - No mapping for GET /myadv/exccption
[WARN] 2022-10-21 15:13:22,141 org.springframework.web.servlet.PageNotFound noHandlerFound - No mapping for GET /myadv/exccption
[INFO] 2022-10-21 15:13:32,285 org.springframework.web.context.ContextLoader initWebApplicationContext - Root WebApplicationContext: initialization started
[INFO] 2022-10-21 15:13:32,582 org.springframework.web.context.ContextLoader initWebApplicationContext - Root WebApplicationContext initialized in 295 ms
[INFO] 2022-10-21 15:13:32,677 org.springframework.web.servlet.DispatcherServlet initServletBean - Initializing Servlet 'appServlet'
[INFO] 2022-10-21 15:13:33,677 org.springframework.web.servlet.DispatcherServlet initServletBean - Completed initialization in 1000 ms
[INFO] 2022-10-21 15:17:59,697 org.springframework.web.context.ContextLoader initWebApplicationContext - Root WebApplicationContext: initialization started
[INFO] 2022-10-21 15:17:59,956 org.springframework.web.context.ContextLoader initWebApplicationContext - Root WebApplicationContext initialized in 256 ms
[INFO] 2022-10-21 15:18:00,037 org.springframework.web.servlet.DispatcherServlet initServletBean - Initializing Servlet 'appServlet'
[INFO] 2022-10-21 15:18:00,942 org.springframework.web.servlet.DispatcherServlet initServletBean - Completed initialization in 905 ms
[INFO] 2022-10-21 15:18:11,141 org.springframework.web.context.ContextLoader initWebApplicationContext - Root WebApplicationContext: initialization started
[INFO] 2022-10-21 15:18:11,435 org.springframework.web.context.ContextLoader initWebApplicationContext - Root WebApplicationContext initialized in 291 ms
[INFO] 2022-10-21 15:18:11,530 org.springframework.web.servlet.DispatcherServlet initServletBean - Initializing Servlet 'appServlet'
[INFO] 2022-10-21 15:18:12,526 org.springframework.web.servlet.DispatcherServlet initServletBean - Completed initialization in 995 ms
[INFO] 2022-10-21 15:25:54,216 org.springframework.web.context.ContextLoader initWebApplicationContext - Root WebApplicationContext: initialization started
[INFO] 2022-10-21 15:25:54,537 org.springframework.web.context.ContextLoader initWebApplicationContext - Root WebApplicationContext initialized in 318 ms
[INFO] 2022-10-21 15:25:54,632 org.springframework.web.servlet.DispatcherServlet initServletBean - Initializing Servlet 'appServlet'
[INFO] 2022-10-21 15:25:55,618 org.springframework.web.servlet.DispatcherServlet initServletBean - Completed initialization in 986 ms
[INFO] 2022-10-21 15:26:10,968 org.springframework.web.context.ContextLoader initWebApplicationContext - Root WebApplicationContext: initialization started
[INFO] 2022-10-21 15:26:11,269 org.springframework.web.context.ContextLoader initWebApplicationContext - Root WebApplicationContext initialized in 298 ms
[INFO] 2022-10-21 15:26:11,359 org.springframework.web.servlet.DispatcherServlet initServletBean - Initializing Servlet 'appServlet'
[INFO] 2022-10-21 15:26:12,362 org.springframework.web.servlet.DispatcherServlet initServletBean - Completed initialization in 1002 ms
[INFO] 2022-10-21 15:42:48,241 org.springframework.web.context.ContextLoader initWebApplicationContext - Root WebApplicationContext: initialization started
[INFO] 2022-10-21 15:42:48,501 org.springframework.web.context.ContextLoader initWebApplicationContext - Root WebApplicationContext initialized in 259 ms
[INFO] 2022-10-21 15:42:48,578 org.springframework.web.servlet.DispatcherServlet initServletBean - Initializing Servlet 'appServlet'
[INFO] 2022-10-21 15:42:49,477 org.springframework.web.servlet.DispatcherServlet initServletBean - Completed initialization in 899 ms
[INFO] 2022-10-21 15:43:01,199 org.springframework.web.context.ContextLoader initWebApplicationContext - Root WebApplicationContext: initialization started
[INFO] 2022-10-21 15:43:01,455 org.springframework.web.context.ContextLoader initWebApplicationContext - Root WebApplicationContext initialized in 253 ms
[INFO] 2022-10-21 15:43:01,532 org.springframework.web.servlet.DispatcherServlet initServletBean - Initializing Servlet 'appServlet'
[INFO] 2022-10-21 15:43:02,383 org.springframework.web.servlet.DispatcherServlet initServletBean - Completed initialization in 851 ms
[INFO] 2022-10-21 16:04:57,321 org.springframework.web.context.ContextLoader initWebApplicationContext - Root WebApplicationContext: initialization started
[INFO] 2022-10-21 16:04:57,636 org.springframework.web.context.ContextLoader initWebApplicationContext - Root WebApplicationContext initialized in 313 ms
[INFO] 2022-10-21 16:04:57,716 org.springframework.web.servlet.DispatcherServlet initServletBean - Initializing Servlet 'appServlet'
[WARN] 2022-10-21 16:04:58,701 org.springframework.web.context.support.XmlWebApplicationContext refresh - Exception encountered during context initialization - cancelling refresh attempt: org.springframework.beans.factory.UnsatisfiedDependencyException: Error creating bean with name 'studentController': Unsatisfied dependency expressed through field 'service'; nested exception is org.springframework.beans.factory.UnsatisfiedDependencyException: Error creating bean with name 'studentSeviceImpl': Unsatisfied dependency expressed through field 'dao'; nested exception is org.springframework.beans.factory.NoSuchBeanDefinitionException: No qualifying bean of type 'com.mycom.myadv.dao.StudentDao' available: expected at least 1 bean which qualifies as autowire candidate. Dependency annotations: {@org.springframework.beans.factory.annotation.Autowired(required=true)}
[ERROR] 2022-10-21 16:04:58,703 org.springframework.web.servlet.DispatcherServlet initServletBean - Context initialization failed
org.springframework.beans.factory.UnsatisfiedDependencyException: Error creating bean with name 'studentController': Unsatisfied dependency expressed through field 'service'; nested exception is org.springframework.beans.factory.UnsatisfiedDependencyException: Error creating bean with name 'studentSeviceImpl': Unsatisfied dependency expressed through field 'dao'; nested exception is org.springframework.beans.factory.NoSuchBeanDefinitionException: No qualifying bean of type 'com.mycom.myadv.dao.StudentDao' available: expected at least 1 bean which qualifies as autowire candidate. Dependency annotations: {@org.springframework.beans.factory.annotation.Autowired(required=true)}
	at org.springframework.beans.factory.annotation.AutowiredAnnotationBeanPostProcessor$AutowiredFieldElement.inject(AutowiredAnnotationBeanPostProcessor.java:643)
	at org.springframework.beans.factory.annotation.InjectionMetadata.inject(InjectionMetadata.java:130)
	at org.springframework.beans.factory.annotation.AutowiredAnnotationBeanPostProcessor.postProcessProperties(AutowiredAnnotationBeanPostProcessor.java:399)
	at org.springframework.beans.factory.support.AbstractAutowireCapableBeanFactory.populateBean(AbstractAutowireCapableBeanFactory.java:1422)
	at org.springframework.beans.factory.support.AbstractAutowireCapableBeanFactory.doCreateBean(AbstractAutowireCapableBeanFactory.java:594)
	at org.springframework.beans.factory.support.AbstractAutowireCapableBeanFactory.createBean(AbstractAutowireCapableBeanFactory.java:517)
	at org.springframework.beans.factory.support.AbstractBeanFactory.lambda$doGetBean$0(AbstractBeanFactory.java:323)
	at org.springframework.beans.factory.support.DefaultSingletonBeanRegistry.getSingleton(DefaultSingletonBeanRegistry.java:226)
	at org.springframework.beans.factory.support.AbstractBeanFactory.doGetBean(AbstractBeanFactory.java:321)
	at org.springframework.beans.factory.support.AbstractBeanFactory.getBean(AbstractBeanFactory.java:202)
	at org.springframework.beans.factory.support.DefaultListableBeanFactory.preInstantiateSingletons(DefaultListableBeanFactory.java:895)
	at org.springframework.context.support.AbstractApplicationContext.finishBeanFactoryInitialization(AbstractApplicationContext.java:878)
	at org.springframework.context.support.AbstractApplicationContext.refresh(AbstractApplicationContext.java:550)
	at org.springframework.web.servlet.FrameworkServlet.configureAndRefreshWebApplicationContext(FrameworkServlet.java:702)
	at org.springframework.web.servlet.FrameworkServlet.createWebApplicationContext(FrameworkServlet.java:668)
	at org.springframework.web.servlet.FrameworkServlet.createWebApplicationContext(FrameworkServlet.java:716)
	at org.springframework.web.servlet.FrameworkServlet.initWebApplicationContext(FrameworkServlet.java:591)
	at org.springframework.web.servlet.FrameworkServlet.initServletBean(FrameworkServlet.java:530)
	at org.springframework.web.servlet.HttpServletBean.init(HttpServletBean.java:170)
	at javax.servlet.GenericServlet.init(GenericServlet.java:158)
	at org.apache.catalina.core.StandardWrapper.initServlet(StandardWrapper.java:1164)
	at org.apache.catalina.core.StandardWrapper.loadServlet(StandardWrapper.java:1117)
	at org.apache.catalina.core.StandardWrapper.load(StandardWrapper.java:1010)
	at org.apache.catalina.core.StandardContext.loadOnStartup(StandardContext.java:4957)
	at org.apache.catalina.core.StandardContext.startInternal(StandardContext.java:5264)
	at org.apache.catalina.util.LifecycleBase.start(LifecycleBase.java:183)
	at org.apache.catalina.core.ContainerBase$StartChild.call(ContainerBase.java:1396)
	at org.apache.catalina.core.ContainerBase$StartChild.call(ContainerBase.java:1386)
	at java.util.concurrent.FutureTask.run(FutureTask.java:266)
	at org.apache.tomcat.util.threads.InlineExecutorService.execute(InlineExecutorService.java:75)
	at java.util.concurrent.AbstractExecutorService.submit(AbstractExecutorService.java:134)
	at org.apache.catalina.core.ContainerBase.startInternal(ContainerBase.java:919)
	at org.apache.catalina.core.StandardHost.startInternal(StandardHost.java:835)
	at org.apache.catalina.util.LifecycleBase.start(LifecycleBase.java:183)
	at org.apache.catalina.core.ContainerBase$StartChild.call(ContainerBase.java:1396)
	at org.apache.catalina.core.ContainerBase$StartChild.call(ContainerBase.java:1386)
	at java.util.concurrent.FutureTask.run(FutureTask.java:266)
	at org.apache.tomcat.util.threads.InlineExecutorService.execute(InlineExecutorService.java:75)
	at java.util.concurrent.AbstractExecutorService.submit(AbstractExecutorService.java:134)
	at org.apache.catalina.core.ContainerBase.startInternal(ContainerBase.java:919)
	at org.apache.catalina.core.StandardEngine.startInternal(StandardEngine.java:265)
	at org.apache.catalina.util.LifecycleBase.start(LifecycleBase.java:183)
	at org.apache.catalina.core.StandardService.startInternal(StandardService.java:432)
	at org.apache.catalina.util.LifecycleBase.start(LifecycleBase.java:183)
	at org.apache.catalina.core.StandardServer.startInternal(StandardServer.java:930)
	at org.apache.catalina.util.LifecycleBase.start(LifecycleBase.java:183)
	at org.apache.catalina.startup.Catalina.start(Catalina.java:772)
	at sun.reflect.NativeMethodAccessorImpl.invoke0(Native Method)
	at sun.reflect.NativeMethodAccessorImpl.invoke(NativeMethodAccessorImpl.java:62)
	at sun.reflect.DelegatingMethodAccessorImpl.invoke(DelegatingMethodAccessorImpl.java:43)
	at java.lang.reflect.Method.invoke(Method.java:498)
	at org.apache.catalina.startup.Bootstrap.start(Bootstrap.java:345)
	at org.apache.catalina.startup.Bootstrap.main(Bootstrap.java:476)
Caused by: org.springframework.beans.factory.UnsatisfiedDependencyException: Error creating bean with name 'studentSeviceImpl': Unsatisfied dependency expressed through field 'dao'; nested exception is org.springframework.beans.factory.NoSuchBeanDefinitionException: No qualifying bean of type 'com.mycom.myadv.dao.StudentDao' available: expected at least 1 bean which qualifies as autowire candidate. Dependency annotations: {@org.springframework.beans.factory.annotation.Autowired(required=true)}
	at org.springframework.beans.factory.annotation.AutowiredAnnotationBeanPostProcessor$AutowiredFieldElement.inject(AutowiredAnnotationBeanPostProcessor.java:643)
	at org.springframework.beans.factory.annotation.InjectionMetadata.inject(InjectionMetadata.java:130)
	at org.springframework.beans.factory.annotation.AutowiredAnnotationBeanPostProcessor.postProcessProperties(AutowiredAnnotationBeanPostProcessor.java:399)
	at org.springframework.beans.factory.support.AbstractAutowireCapableBeanFactory.populateBean(AbstractAutowireCapableBeanFactory.java:1422)
	at org.springframework.beans.factory.support.AbstractAutowireCapableBeanFactory.doCreateBean(AbstractAutowireCapableBeanFactory.java:594)
	at org.springframework.beans.factory.support.AbstractAutowireCapableBeanFactory.createBean(AbstractAutowireCapableBeanFactory.java:517)
	at org.springframework.beans.factory.support.AbstractBeanFactory.lambda$doGetBean$0(AbstractBeanFactory.java:323)
	at org.springframework.beans.factory.support.DefaultSingletonBeanRegistry.getSingleton(DefaultSingletonBeanRegistry.java:226)
	at org.springframework.beans.factory.support.AbstractBeanFactory.doGetBean(AbstractBeanFactory.java:321)
	at org.springframework.beans.factory.support.AbstractBeanFactory.getBean(AbstractBeanFactory.java:202)
	at org.springframework.beans.factory.config.DependencyDescriptor.resolveCandidate(DependencyDescriptor.java:276)
	at org.springframework.beans.factory.support.DefaultListableBeanFactory.doResolveDependency(DefaultListableBeanFactory.java:1306)
	at org.springframework.beans.factory.support.DefaultListableBeanFactory.resolveDependency(DefaultListableBeanFactory.java:1226)
	at org.springframework.beans.factory.annotation.AutowiredAnnotationBeanPostProcessor$AutowiredFieldElement.inject(AutowiredAnnotationBeanPostProcessor.java:640)
	... 52 more
Caused by: org.springframework.beans.factory.NoSuchBeanDefinitionException: No qualifying bean of type 'com.mycom.myadv.dao.StudentDao' available: expected at least 1 bean which qualifies as autowire candidate. Dependency annotations: {@org.springframework.beans.factory.annotation.Autowired(required=true)}
	at org.springframework.beans.factory.support.DefaultListableBeanFactory.raiseNoMatchingBeanFound(DefaultListableBeanFactory.java:1716)
	at org.springframework.beans.factory.support.DefaultListableBeanFactory.doResolveDependency(DefaultListableBeanFactory.java:1272)
	at org.springframework.beans.factory.support.DefaultListableBeanFactory.resolveDependency(DefaultListableBeanFactory.java:1226)
	at org.springframework.beans.factory.annotation.AutowiredAnnotationBeanPostProcessor$AutowiredFieldElement.inject(AutowiredAnnotationBeanPostProcessor.java:640)
	... 65 more
[INFO] 2022-10-21 16:09:15,908 org.springframework.web.context.ContextLoader initWebApplicationContext - Root WebApplicationContext: initialization started
[WARN] 2022-10-21 16:09:16,578 org.springframework.web.context.support.XmlWebApplicationContext refresh - Exception encountered during context initialization - cancelling refresh attempt: org.springframework.beans.factory.BeanCreationException: Error creating bean with name 'sqlSessionFactory' defined in ServletContext resource [/WEB-INF/spring/root-context.xml]: Initialization of bean failed; nested exception is org.springframework.beans.TypeMismatchException: Failed to convert property value of type 'java.lang.String' to required type 'org.springframework.core.io.Resource[]' for property 'mapperLocations'; nested exception is java.lang.IllegalArgumentException: Could not resolve resource location pattern [classpath:mapper/*.xml]: class path resource [mapper/] cannot be resolved to URL because it does not exist
[ERROR] 2022-10-21 16:09:16,582 org.springframework.web.context.ContextLoader initWebApplicationContext - Context initialization failed
org.springframework.beans.factory.BeanCreationException: Error creating bean with name 'sqlSessionFactory' defined in ServletContext resource [/WEB-INF/spring/root-context.xml]: Initialization of bean failed; nested exception is org.springframework.beans.TypeMismatchException: Failed to convert property value of type 'java.lang.String' to required type 'org.springframework.core.io.Resource[]' for property 'mapperLocations'; nested exception is java.lang.IllegalArgumentException: Could not resolve resource location pattern [classpath:mapper/*.xml]: class path resource [mapper/] cannot be resolved to URL because it does not exist
	at org.springframework.beans.factory.support.AbstractAutowireCapableBeanFactory.doCreateBean(AbstractAutowireCapableBeanFactory.java:603)
	at org.springframework.beans.factory.support.AbstractAutowireCapableBeanFactory.createBean(AbstractAutowireCapableBeanFactory.java:517)
	at org.springframework.beans.factory.support.AbstractBeanFactory.lambda$doGetBean$0(AbstractBeanFactory.java:323)
	at org.springframework.beans.factory.support.DefaultSingletonBeanRegistry.getSingleton(DefaultSingletonBeanRegistry.java:226)
	at org.springframework.beans.factory.support.AbstractBeanFactory.doGetBean(AbstractBeanFactory.java:321)
	at org.springframework.beans.factory.support.AbstractBeanFactory.getBean(AbstractBeanFactory.java:202)
	at org.springframework.beans.factory.support.DefaultListableBeanFactory.preInstantiateSingletons(DefaultListableBeanFactory.java:876)
	at org.springframework.context.support.AbstractApplicationContext.finishBeanFactoryInitialization(AbstractApplicationContext.java:878)
	at org.springframework.context.support.AbstractApplicationContext.refresh(AbstractApplicationContext.java:550)
	at org.springframework.web.context.ContextLoader.configureAndRefreshWebApplicationContext(ContextLoader.java:401)
	at org.springframework.web.context.ContextLoader.initWebApplicationContext(ContextLoader.java:292)
	at org.springframework.web.context.ContextLoaderListener.contextInitialized(ContextLoaderListener.java:103)
	at org.apache.catalina.core.StandardContext.listenerStart(StandardContext.java:4768)
	at org.apache.catalina.core.StandardContext.startInternal(StandardContext.java:5230)
	at org.apache.catalina.util.LifecycleBase.start(LifecycleBase.java:183)
	at org.apache.catalina.core.ContainerBase$StartChild.call(ContainerBase.java:1396)
	at org.apache.catalina.core.ContainerBase$StartChild.call(ContainerBase.java:1386)
	at java.util.concurrent.FutureTask.run(FutureTask.java:266)
	at org.apache.tomcat.util.threads.InlineExecutorService.execute(InlineExecutorService.java:75)
	at java.util.concurrent.AbstractExecutorService.submit(AbstractExecutorService.java:134)
	at org.apache.catalina.core.ContainerBase.startInternal(ContainerBase.java:919)
	at org.apache.catalina.core.StandardHost.startInternal(StandardHost.java:835)
	at org.apache.catalina.util.LifecycleBase.start(LifecycleBase.java:183)
	at org.apache.catalina.core.ContainerBase$StartChild.call(ContainerBase.java:1396)
	at org.apache.catalina.core.ContainerBase$StartChild.call(ContainerBase.java:1386)
	at java.util.concurrent.FutureTask.run(FutureTask.java:266)
	at org.apache.tomcat.util.threads.InlineExecutorService.execute(InlineExecutorService.java:75)
	at java.util.concurrent.AbstractExecutorService.submit(AbstractExecutorService.java:134)
	at org.apache.catalina.core.ContainerBase.startInternal(ContainerBase.java:919)
	at org.apache.catalina.core.StandardEngine.startInternal(StandardEngine.java:265)
	at org.apache.catalina.util.LifecycleBase.start(LifecycleBase.java:183)
	at org.apache.catalina.core.StandardService.startInternal(StandardService.java:432)
	at org.apache.catalina.util.LifecycleBase.start(LifecycleBase.java:183)
	at org.apache.catalina.core.StandardServer.startInternal(StandardServer.java:930)
	at org.apache.catalina.util.LifecycleBase.start(LifecycleBase.java:183)
	at org.apache.catalina.startup.Catalina.start(Catalina.java:772)
	at sun.reflect.NativeMethodAccessorImpl.invoke0(Native Method)
	at sun.reflect.NativeMethodAccessorImpl.invoke(NativeMethodAccessorImpl.java:62)
	at sun.reflect.DelegatingMethodAccessorImpl.invoke(DelegatingMethodAccessorImpl.java:43)
	at java.lang.reflect.Method.invoke(Method.java:498)
	at org.apache.catalina.startup.Bootstrap.start(Bootstrap.java:345)
	at org.apache.catalina.startup.Bootstrap.main(Bootstrap.java:476)
Caused by: org.springframework.beans.TypeMismatchException: Failed to convert property value of type 'java.lang.String' to required type 'org.springframework.core.io.Resource[]' for property 'mapperLocations'; nested exception is java.lang.IllegalArgumentException: Could not resolve resource location pattern [classpath:mapper/*.xml]: class path resource [mapper/] cannot be resolved to URL because it does not exist
	at org.springframework.beans.AbstractNestablePropertyAccessor.convertIfNecessary(AbstractNestablePropertyAccessor.java:595)
	at org.springframework.beans.AbstractNestablePropertyAccessor.convertForProperty(AbstractNestablePropertyAccessor.java:604)
	at org.springframework.beans.BeanWrapperImpl.convertForProperty(BeanWrapperImpl.java:219)
	at org.springframework.beans.factory.support.AbstractAutowireCapableBeanFactory.convertForProperty(AbstractAutowireCapableBeanFactory.java:1748)
	at org.springframework.beans.factory.support.AbstractAutowireCapableBeanFactory.applyPropertyValues(AbstractAutowireCapableBeanFactory.java:1704)
	at org.springframework.beans.factory.support.AbstractAutowireCapableBeanFactory.populateBean(AbstractAutowireCapableBeanFactory.java:1444)
	at org.springframework.beans.factory.support.AbstractAutowireCapableBeanFactory.doCreateBean(AbstractAutowireCapableBeanFactory.java:594)
	... 41 more
Caused by: java.lang.IllegalArgumentException: Could not resolve resource location pattern [classpath:mapper/*.xml]: class path resource [mapper/] cannot be resolved to URL because it does not exist
	at org.springframework.core.io.support.ResourceArrayPropertyEditor.setAsText(ResourceArrayPropertyEditor.java:120)
	at org.springframework.beans.TypeConverterDelegate.doConvertTextValue(TypeConverterDelegate.java:429)
	at org.springframework.beans.TypeConverterDelegate.doConvertValue(TypeConverterDelegate.java:402)
	at org.springframework.beans.TypeConverterDelegate.convertIfNecessary(TypeConverterDelegate.java:155)
	at org.springframework.beans.AbstractNestablePropertyAccessor.convertIfNecessary(AbstractNestablePropertyAccessor.java:585)
	... 47 more
[INFO] 2022-10-21 16:23:42,461 org.springframework.web.context.ContextLoader initWebApplicationContext - Root WebApplicationContext: initialization started
[WARN] 2022-10-21 16:23:43,289 org.springframework.web.context.support.XmlWebApplicationContext refresh - Exception encountered during context initialization - cancelling refresh attempt: org.springframework.beans.factory.BeanCreationException: Error creating bean with name 'sqlSessionFactory' defined in ServletContext resource [/WEB-INF/spring/root-context.xml]: Invocation of init method failed; nested exception is org.springframework.core.NestedIOException: Failed to parse mapping resource: 'file [C:\Users\SSAFY\Documents\workspace-sts-3.9.14.RELEASE\.metadata\.plugins\org.eclipse.wst.server.core\tmp0\wtpwebapps\SpringMVCAdvanced\WEB-INF\classes\mapper\student_query.xml]'; nested exception is org.apache.ibatis.builder.BuilderException: Error parsing Mapper XML. The XML location is 'file [C:\Users\SSAFY\Documents\workspace-sts-3.9.14.RELEASE\.metadata\.plugins\org.eclipse.wst.server.core\tmp0\wtpwebapps\SpringMVCAdvanced\WEB-INF\classes\mapper\student_query.xml]'. Cause: org.apache.ibatis.builder.BuilderException: Error resolving class. Cause: org.apache.ibatis.type.TypeException: Could not resolve type alias 'com.mycom.mybatis.dto.StudentDto'.  Cause: java.lang.ClassNotFoundException: Cannot find class: com.mycom.mybatis.dto.StudentDto
[ERROR] 2022-10-21 16:23:43,293 org.springframework.web.context.ContextLoader initWebApplicationContext - Context initialization failed
org.springframework.beans.factory.BeanCreationException: Error creating bean with name 'sqlSessionFactory' defined in ServletContext resource [/WEB-INF/spring/root-context.xml]: Invocation of init method failed; nested exception is org.springframework.core.NestedIOException: Failed to parse mapping resource: 'file [C:\Users\SSAFY\Documents\workspace-sts-3.9.14.RELEASE\.metadata\.plugins\org.eclipse.wst.server.core\tmp0\wtpwebapps\SpringMVCAdvanced\WEB-INF\classes\mapper\student_query.xml]'; nested exception is org.apache.ibatis.builder.BuilderException: Error parsing Mapper XML. The XML location is 'file [C:\Users\SSAFY\Documents\workspace-sts-3.9.14.RELEASE\.metadata\.plugins\org.eclipse.wst.server.core\tmp0\wtpwebapps\SpringMVCAdvanced\WEB-INF\classes\mapper\student_query.xml]'. Cause: org.apache.ibatis.builder.BuilderException: Error resolving class. Cause: org.apache.ibatis.type.TypeException: Could not resolve type alias 'com.mycom.mybatis.dto.StudentDto'.  Cause: java.lang.ClassNotFoundException: Cannot find class: com.mycom.mybatis.dto.StudentDto
	at org.springframework.beans.factory.support.AbstractAutowireCapableBeanFactory.initializeBean(AbstractAutowireCapableBeanFactory.java:1796)
	at org.springframework.beans.factory.support.AbstractAutowireCapableBeanFactory.doCreateBean(AbstractAutowireCapableBeanFactory.java:595)
	at org.springframework.beans.factory.support.AbstractAutowireCapableBeanFactory.createBean(AbstractAutowireCapableBeanFactory.java:517)
	at org.springframework.beans.factory.support.AbstractBeanFactory.lambda$doGetBean$0(AbstractBeanFactory.java:323)
	at org.springframework.beans.factory.support.DefaultSingletonBeanRegistry.getSingleton(DefaultSingletonBeanRegistry.java:226)
	at org.springframework.beans.factory.support.AbstractBeanFactory.doGetBean(AbstractBeanFactory.java:321)
	at org.springframework.beans.factory.support.AbstractBeanFactory.getBean(AbstractBeanFactory.java:202)
	at org.springframework.beans.factory.support.DefaultListableBeanFactory.preInstantiateSingletons(DefaultListableBeanFactory.java:876)
	at org.springframework.context.support.AbstractApplicationContext.finishBeanFactoryInitialization(AbstractApplicationContext.java:878)
	at org.springframework.context.support.AbstractApplicationContext.refresh(AbstractApplicationContext.java:550)
	at org.springframework.web.context.ContextLoader.configureAndRefreshWebApplicationContext(ContextLoader.java:401)
	at org.springframework.web.context.ContextLoader.initWebApplicationContext(ContextLoader.java:292)
	at org.springframework.web.context.ContextLoaderListener.contextInitialized(ContextLoaderListener.java:103)
	at org.apache.catalina.core.StandardContext.listenerStart(StandardContext.java:4768)
	at org.apache.catalina.core.StandardContext.startInternal(StandardContext.java:5230)
	at org.apache.catalina.util.LifecycleBase.start(LifecycleBase.java:183)
	at org.apache.catalina.core.ContainerBase$StartChild.call(ContainerBase.java:1396)
	at org.apache.catalina.core.ContainerBase$StartChild.call(ContainerBase.java:1386)
	at java.util.concurrent.FutureTask.run(FutureTask.java:266)
	at org.apache.tomcat.util.threads.InlineExecutorService.execute(InlineExecutorService.java:75)
	at java.util.concurrent.AbstractExecutorService.submit(AbstractExecutorService.java:134)
	at org.apache.catalina.core.ContainerBase.startInternal(ContainerBase.java:919)
	at org.apache.catalina.core.StandardHost.startInternal(StandardHost.java:835)
	at org.apache.catalina.util.LifecycleBase.start(LifecycleBase.java:183)
	at org.apache.catalina.core.ContainerBase$StartChild.call(ContainerBase.java:1396)
	at org.apache.catalina.core.ContainerBase$StartChild.call(ContainerBase.java:1386)
	at java.util.concurrent.FutureTask.run(FutureTask.java:266)
	at org.apache.tomcat.util.threads.InlineExecutorService.execute(InlineExecutorService.java:75)
	at java.util.concurrent.AbstractExecutorService.submit(AbstractExecutorService.java:134)
	at org.apache.catalina.core.ContainerBase.startInternal(ContainerBase.java:919)
	at org.apache.catalina.core.StandardEngine.startInternal(StandardEngine.java:265)
	at org.apache.catalina.util.LifecycleBase.start(LifecycleBase.java:183)
	at org.apache.catalina.core.StandardService.startInternal(StandardService.java:432)
	at org.apache.catalina.util.LifecycleBase.start(LifecycleBase.java:183)
	at org.apache.catalina.core.StandardServer.startInternal(StandardServer.java:930)
	at org.apache.catalina.util.LifecycleBase.start(LifecycleBase.java:183)
	at org.apache.catalina.startup.Catalina.start(Catalina.java:772)
	at sun.reflect.NativeMethodAccessorImpl.invoke0(Native Method)
	at sun.reflect.NativeMethodAccessorImpl.invoke(NativeMethodAccessorImpl.java:62)
	at sun.reflect.DelegatingMethodAccessorImpl.invoke(DelegatingMethodAccessorImpl.java:43)
	at java.lang.reflect.Method.invoke(Method.java:498)
	at org.apache.catalina.startup.Bootstrap.start(Bootstrap.java:345)
	at org.apache.catalina.startup.Bootstrap.main(Bootstrap.java:476)
Caused by: org.springframework.core.NestedIOException: Failed to parse mapping resource: 'file [C:\Users\SSAFY\Documents\workspace-sts-3.9.14.RELEASE\.metadata\.plugins\org.eclipse.wst.server.core\tmp0\wtpwebapps\SpringMVCAdvanced\WEB-INF\classes\mapper\student_query.xml]'; nested exception is org.apache.ibatis.builder.BuilderException: Error parsing Mapper XML. The XML location is 'file [C:\Users\SSAFY\Documents\workspace-sts-3.9.14.RELEASE\.metadata\.plugins\org.eclipse.wst.server.core\tmp0\wtpwebapps\SpringMVCAdvanced\WEB-INF\classes\mapper\student_query.xml]'. Cause: org.apache.ibatis.builder.BuilderException: Error resolving class. Cause: org.apache.ibatis.type.TypeException: Could not resolve type alias 'com.mycom.mybatis.dto.StudentDto'.  Cause: java.lang.ClassNotFoundException: Cannot find class: com.mycom.mybatis.dto.StudentDto
	at org.mybatis.spring.SqlSessionFactoryBean.buildSqlSessionFactory(SqlSessionFactoryBean.java:612)
	at org.mybatis.spring.SqlSessionFactoryBean.afterPropertiesSet(SqlSessionFactoryBean.java:490)
	at org.springframework.beans.factory.support.AbstractAutowireCapableBeanFactory.invokeInitMethods(AbstractAutowireCapableBeanFactory.java:1855)
	at org.springframework.beans.factory.support.AbstractAutowireCapableBeanFactory.initializeBean(AbstractAutowireCapableBeanFactory.java:1792)
	... 42 more
Caused by: org.apache.ibatis.builder.BuilderException: Error parsing Mapper XML. The XML location is 'file [C:\Users\SSAFY\Documents\workspace-sts-3.9.14.RELEASE\.metadata\.plugins\org.eclipse.wst.server.core\tmp0\wtpwebapps\SpringMVCAdvanced\WEB-INF\classes\mapper\student_query.xml]'. Cause: org.apache.ibatis.builder.BuilderException: Error resolving class. Cause: org.apache.ibatis.type.TypeException: Could not resolve type alias 'com.mycom.mybatis.dto.StudentDto'.  Cause: java.lang.ClassNotFoundException: Cannot find class: com.mycom.mybatis.dto.StudentDto
	at org.apache.ibatis.builder.xml.XMLMapperBuilder.configurationElement(XMLMapperBuilder.java:123)
	at org.apache.ibatis.builder.xml.XMLMapperBuilder.parse(XMLMapperBuilder.java:95)
	at org.mybatis.spring.SqlSessionFactoryBean.buildSqlSessionFactory(SqlSessionFactoryBean.java:610)
	... 45 more
Caused by: org.apache.ibatis.builder.BuilderException: Error resolving class. Cause: org.apache.ibatis.type.TypeException: Could not resolve type alias 'com.mycom.mybatis.dto.StudentDto'.  Cause: java.lang.ClassNotFoundException: Cannot find class: com.mycom.mybatis.dto.StudentDto
	at org.apache.ibatis.builder.BaseBuilder.resolveClass(BaseBuilder.java:118)
	at org.apache.ibatis.builder.xml.XMLStatementBuilder.parseStatementNode(XMLStatementBuilder.java:76)
	at org.apache.ibatis.builder.xml.XMLMapperBuilder.buildStatementFromContext(XMLMapperBuilder.java:138)
	at org.apache.ibatis.builder.xml.XMLMapperBuilder.buildStatementFromContext(XMLMapperBuilder.java:131)
	at org.apache.ibatis.builder.xml.XMLMapperBuilder.configurationElement(XMLMapperBuilder.java:121)
	... 47 more
Caused by: org.apache.ibatis.type.TypeException: Could not resolve type alias 'com.mycom.mybatis.dto.StudentDto'.  Cause: java.lang.ClassNotFoundException: Cannot find class: com.mycom.mybatis.dto.StudentDto
	at org.apache.ibatis.type.TypeAliasRegistry.resolveAlias(TypeAliasRegistry.java:120)
	at org.apache.ibatis.builder.BaseBuilder.resolveAlias(BaseBuilder.java:149)
	at org.apache.ibatis.builder.BaseBuilder.resolveClass(BaseBuilder.java:116)
	... 51 more
Caused by: java.lang.ClassNotFoundException: Cannot find class: com.mycom.mybatis.dto.StudentDto
	at org.apache.ibatis.io.ClassLoaderWrapper.classForName(ClassLoaderWrapper.java:196)
	at org.apache.ibatis.io.ClassLoaderWrapper.classForName(ClassLoaderWrapper.java:89)
	at org.apache.ibatis.io.Resources.classForName(Resources.java:261)
	at org.apache.ibatis.type.TypeAliasRegistry.resolveAlias(TypeAliasRegistry.java:116)
	... 53 more
[INFO] 2022-10-21 16:27:10,593 org.springframework.web.context.ContextLoader initWebApplicationContext - Root WebApplicationContext: initialization started
[INFO] 2022-10-21 16:27:11,592 org.springframework.web.context.ContextLoader initWebApplicationContext - Root WebApplicationContext initialized in 997 ms
[INFO] 2022-10-21 16:27:11,632 org.springframework.web.servlet.DispatcherServlet initServletBean - Initializing Servlet 'appServlet'
[INFO] 2022-10-21 16:27:12,350 org.springframework.web.servlet.DispatcherServlet initServletBean - Completed initialization in 718 ms
[INFO] 2022-10-21 16:31:45,997 org.springframework.web.context.ContextLoader initWebApplicationContext - Root WebApplicationContext: initialization started
[INFO] 2022-10-21 16:31:46,988 org.springframework.web.context.ContextLoader initWebApplicationContext - Root WebApplicationContext initialized in 988 ms
[INFO] 2022-10-21 16:31:47,028 org.springframework.web.servlet.DispatcherServlet initServletBean - Initializing Servlet 'appServlet'
[INFO] 2022-10-21 16:31:47,764 org.springframework.web.servlet.DispatcherServlet initServletBean - Completed initialization in 736 ms
[INFO] 2022-10-21 16:33:33,822 org.springframework.web.context.ContextLoader initWebApplicationContext - Root WebApplicationContext: initialization started
[INFO] 2022-10-21 16:33:34,794 org.springframework.web.context.ContextLoader initWebApplicationContext - Root WebApplicationContext initialized in 971 ms
[INFO] 2022-10-21 16:33:34,833 org.springframework.web.servlet.DispatcherServlet initServletBean - Initializing Servlet 'appServlet'
[INFO] 2022-10-21 16:33:35,552 org.springframework.web.servlet.DispatcherServlet initServletBean - Completed initialization in 719 ms
[INFO] 2022-10-21 16:39:10,750 org.springframework.web.context.ContextLoader initWebApplicationContext - Root WebApplicationContext: initialization started
[INFO] 2022-10-21 16:39:11,595 org.springframework.web.context.ContextLoader initWebApplicationContext - Root WebApplicationContext initialized in 843 ms
[INFO] 2022-10-21 16:39:11,632 org.springframework.web.servlet.DispatcherServlet initServletBean - Initializing Servlet 'appServlet'
[INFO] 2022-10-21 16:39:12,306 org.springframework.web.servlet.DispatcherServlet initServletBean - Completed initialization in 674 ms
[INFO] 2022-10-21 16:39:18,930 org.springframework.web.context.ContextLoader initWebApplicationContext - Root WebApplicationContext: initialization started
[INFO] 2022-10-21 16:39:19,908 org.springframework.web.context.ContextLoader initWebApplicationContext - Root WebApplicationContext initialized in 975 ms
[INFO] 2022-10-21 16:39:19,947 org.springframework.web.servlet.DispatcherServlet initServletBean - Initializing Servlet 'appServlet'
[INFO] 2022-10-21 16:39:20,686 org.springframework.web.servlet.DispatcherServlet initServletBean - Completed initialization in 739 ms
[INFO] 2022-10-21 16:43:04,101 org.springframework.web.context.ContextLoader initWebApplicationContext - Root WebApplicationContext: initialization started
[INFO] 2022-10-21 16:43:05,093 org.springframework.web.context.ContextLoader initWebApplicationContext - Root WebApplicationContext initialized in 988 ms
[INFO] 2022-10-21 16:43:05,132 org.springframework.web.servlet.DispatcherServlet initServletBean - Initializing Servlet 'appServlet'
[INFO] 2022-10-21 16:43:05,848 org.springframework.web.servlet.DispatcherServlet initServletBean - Completed initialization in 716 ms
[INFO] 2022-10-21 16:45:44,801 org.springframework.web.context.ContextLoader initWebApplicationContext - Root WebApplicationContext: initialization started
[INFO] 2022-10-21 16:45:45,782 org.springframework.web.context.ContextLoader initWebApplicationContext - Root WebApplicationContext initialized in 978 ms
[INFO] 2022-10-21 16:45:45,820 org.springframework.web.servlet.DispatcherServlet initServletBean - Initializing Servlet 'appServlet'
[INFO] 2022-10-21 16:45:46,531 org.springframework.web.servlet.DispatcherServlet initServletBean - Completed initialization in 711 ms
[WARN] 2022-10-21 16:45:49,022 org.springframework.web.servlet.mvc.support.DefaultHandlerExceptionResolver logException - Resolved [org.springframework.web.HttpMediaTypeNotSupportedException: Content type 'text/plain;charset=UTF-8' not supported]
[INFO] 2022-10-21 16:47:40,119 org.springframework.web.context.ContextLoader initWebApplicationContext - Root WebApplicationContext: initialization started
[INFO] 2022-10-21 16:47:41,117 org.springframework.web.context.ContextLoader initWebApplicationContext - Root WebApplicationContext initialized in 995 ms
[INFO] 2022-10-21 16:47:41,156 org.springframework.web.servlet.DispatcherServlet initServletBean - Initializing Servlet 'appServlet'
[INFO] 2022-10-21 16:47:41,875 org.springframework.web.servlet.DispatcherServlet initServletBean - Completed initialization in 719 ms
[INFO] 2022-10-21 16:47:58,448 org.springframework.web.context.ContextLoader initWebApplicationContext - Root WebApplicationContext: initialization started
[INFO] 2022-10-21 16:47:59,433 org.springframework.web.context.ContextLoader initWebApplicationContext - Root WebApplicationContext initialized in 981 ms
[INFO] 2022-10-21 16:47:59,472 org.springframework.web.servlet.DispatcherServlet initServletBean - Initializing Servlet 'appServlet'
[INFO] 2022-10-21 16:48:00,194 org.springframework.web.servlet.DispatcherServlet initServletBean - Completed initialization in 722 ms
[INFO] 2022-10-21 16:48:16,450 org.springframework.web.context.ContextLoader initWebApplicationContext - Root WebApplicationContext: initialization started
[INFO] 2022-10-21 16:48:17,450 org.springframework.web.context.ContextLoader initWebApplicationContext - Root WebApplicationContext initialized in 998 ms
[INFO] 2022-10-21 16:48:17,489 org.springframework.web.servlet.DispatcherServlet initServletBean - Initializing Servlet 'appServlet'
[INFO] 2022-10-21 16:48:18,216 org.springframework.web.servlet.DispatcherServlet initServletBean - Completed initialization in 727 ms
[INFO] 2022-10-21 16:51:11,469 org.springframework.web.context.ContextLoader initWebApplicationContext - Root WebApplicationContext: initialization started
[INFO] 2022-10-21 16:51:12,462 org.springframework.web.context.ContextLoader initWebApplicationContext - Root WebApplicationContext initialized in 990 ms
[INFO] 2022-10-21 16:51:12,501 org.springframework.web.servlet.DispatcherServlet initServletBean - Initializing Servlet 'appServlet'
[INFO] 2022-10-21 16:51:13,225 org.springframework.web.servlet.DispatcherServlet initServletBean - Completed initialization in 724 ms
[INFO] 2022-10-21 16:54:51,910 org.springframework.web.context.ContextLoader initWebApplicationContext - Root WebApplicationContext: initialization started
[ERROR] 2022-10-21 16:54:52,142 org.springframework.web.context.ContextLoader initWebApplicationContext - Context initialization failed
org.springframework.beans.factory.xml.XmlBeanDefinitionStoreException: Line 7 in XML document from ServletContext resource [/WEB-INF/spring/root-context.xml] is invalid; nested exception is org.xml.sax.SAXParseException; lineNumber: 7; columnNumber: 3;          .
	at org.springframework.beans.factory.xml.XmlBeanDefinitionReader.doLoadBeanDefinitions(XmlBeanDefinitionReader.java:402)
	at org.springframework.beans.factory.xml.XmlBeanDefinitionReader.loadBeanDefinitions(XmlBeanDefinitionReader.java:338)
	at org.springframework.beans.factory.xml.XmlBeanDefinitionReader.loadBeanDefinitions(XmlBeanDefinitionReader.java:310)
	at org.springframework.beans.factory.support.AbstractBeanDefinitionReader.loadBeanDefinitions(AbstractBeanDefinitionReader.java:188)
	at org.springframework.beans.factory.support.AbstractBeanDefinitionReader.loadBeanDefinitions(AbstractBeanDefinitionReader.java:224)
	at org.springframework.beans.factory.support.AbstractBeanDefinitionReader.loadBeanDefinitions(AbstractBeanDefinitionReader.java:195)
	at org.springframework.web.context.support.XmlWebApplicationContext.loadBeanDefinitions(XmlWebApplicationContext.java:125)
	at org.springframework.web.context.support.XmlWebApplicationContext.loadBeanDefinitions(XmlWebApplicationContext.java:94)
	at org.springframework.context.support.AbstractRefreshableApplicationContext.refreshBeanFactory(AbstractRefreshableApplicationContext.java:133)
	at org.springframework.context.support.AbstractApplicationContext.obtainFreshBeanFactory(AbstractApplicationContext.java:637)
	at org.springframework.context.support.AbstractApplicationContext.refresh(AbstractApplicationContext.java:522)
	at org.springframework.web.context.ContextLoader.configureAndRefreshWebApplicationContext(ContextLoader.java:401)
	at org.springframework.web.context.ContextLoader.initWebApplicationContext(ContextLoader.java:292)
	at org.springframework.web.context.ContextLoaderListener.contextInitialized(ContextLoaderListener.java:103)
	at org.apache.catalina.core.StandardContext.listenerStart(StandardContext.java:4768)
	at org.apache.catalina.core.StandardContext.startInternal(StandardContext.java:5230)
	at org.apache.catalina.util.LifecycleBase.start(LifecycleBase.java:183)
	at org.apache.catalina.core.ContainerBase$StartChild.call(ContainerBase.java:1396)
	at org.apache.catalina.core.ContainerBase$StartChild.call(ContainerBase.java:1386)
	at java.util.concurrent.FutureTask.run(FutureTask.java:266)
	at org.apache.tomcat.util.threads.InlineExecutorService.execute(InlineExecutorService.java:75)
	at java.util.concurrent.AbstractExecutorService.submit(AbstractExecutorService.java:134)
	at org.apache.catalina.core.ContainerBase.startInternal(ContainerBase.java:919)
	at org.apache.catalina.core.StandardHost.startInternal(StandardHost.java:835)
	at org.apache.catalina.util.LifecycleBase.start(LifecycleBase.java:183)
	at org.apache.catalina.core.ContainerBase$StartChild.call(ContainerBase.java:1396)
	at org.apache.catalina.core.ContainerBase$StartChild.call(ContainerBase.java:1386)
	at java.util.concurrent.FutureTask.run(FutureTask.java:266)
	at org.apache.tomcat.util.threads.InlineExecutorService.execute(InlineExecutorService.java:75)
	at java.util.concurrent.AbstractExecutorService.submit(AbstractExecutorService.java:134)
	at org.apache.catalina.core.ContainerBase.startInternal(ContainerBase.java:919)
	at org.apache.catalina.core.StandardEngine.startInternal(StandardEngine.java:265)
	at org.apache.catalina.util.LifecycleBase.start(LifecycleBase.java:183)
	at org.apache.catalina.core.StandardService.startInternal(StandardService.java:432)
	at org.apache.catalina.util.LifecycleBase.start(LifecycleBase.java:183)
	at org.apache.catalina.core.StandardServer.startInternal(StandardServer.java:930)
	at org.apache.catalina.util.LifecycleBase.start(LifecycleBase.java:183)
	at org.apache.catalina.startup.Catalina.start(Catalina.java:772)
	at sun.reflect.NativeMethodAccessorImpl.invoke0(Native Method)
	at sun.reflect.NativeMethodAccessorImpl.invoke(NativeMethodAccessorImpl.java:62)
	at sun.reflect.DelegatingMethodAccessorImpl.invoke(DelegatingMethodAccessorImpl.java:43)
	at java.lang.reflect.Method.invoke(Method.java:498)
	at org.apache.catalina.startup.Bootstrap.start(Bootstrap.java:345)
	at org.apache.catalina.startup.Bootstrap.main(Bootstrap.java:476)
Caused by: org.xml.sax.SAXParseException; lineNumber: 7; columnNumber: 3;          .
	at com.sun.org.apache.xerces.internal.util.ErrorHandlerWrapper.createSAXParseException(ErrorHandlerWrapper.java:203)
	at com.sun.org.apache.xerces.internal.util.ErrorHandlerWrapper.fatalError(ErrorHandlerWrapper.java:177)
	at com.sun.org.apache.xerces.internal.impl.XMLErrorReporter.reportError(XMLErrorReporter.java:400)
	at com.sun.org.apache.xerces.internal.impl.XMLErrorReporter.reportError(XMLErrorReporter.java:327)
	at com.sun.org.apache.xerces.internal.impl.XMLScanner.reportFatalError(XMLScanner.java:1472)
	at com.sun.org.apache.xerces.internal.impl.XMLDocumentFragmentScannerImpl$FragmentContentDriver.startOfMarkup(XMLDocumentFragmentScannerImpl.java:2635)
	at com.sun.org.apache.xerces.internal.impl.XMLDocumentFragmentScannerImpl$FragmentContentDriver.next(XMLDocumentFragmentScannerImpl.java:2732)
	at com.sun.org.apache.xerces.internal.impl.XMLDocumentScannerImpl.next(XMLDocumentScannerImpl.java:602)
	at com.sun.org.apache.xerces.internal.impl.XMLNSDocumentScannerImpl.next(XMLNSDocumentScannerImpl.java:112)
	at com.sun.org.apache.xerces.internal.impl.XMLDocumentFragmentScannerImpl.scanDocument(XMLDocumentFragmentScannerImpl.java:505)
	at com.sun.org.apache.xerces.internal.parsers.XML11Configuration.parse(XML11Configuration.java:842)
	at com.sun.org.apache.xerces.internal.parsers.XML11Configuration.parse(XML11Configuration.java:771)
	at com.sun.org.apache.xerces.internal.parsers.XMLParser.parse(XMLParser.java:141)
	at com.sun.org.apache.xerces.internal.parsers.DOMParser.parse(DOMParser.java:243)
	at com.sun.org.apache.xerces.internal.jaxp.DocumentBuilderImpl.parse(DocumentBuilderImpl.java:339)
	at org.springframework.beans.factory.xml.DefaultDocumentLoader.loadDocument(DefaultDocumentLoader.java:77)
	at org.springframework.beans.factory.xml.XmlBeanDefinitionReader.doLoadDocument(XmlBeanDefinitionReader.java:432)
	at org.springframework.beans.factory.xml.XmlBeanDefinitionReader.doLoadBeanDefinitions(XmlBeanDefinitionReader.java:390)
	... 43 more
[INFO] 2022-10-21 16:55:54,332 org.springframework.web.context.ContextLoader initWebApplicationContext - Root WebApplicationContext: initialization started
[INFO] 2022-10-21 16:55:55,366 org.springframework.web.context.ContextLoader initWebApplicationContext - Root WebApplicationContext initialized in 1032 ms
[INFO] 2022-10-21 16:55:55,406 org.springframework.web.servlet.DispatcherServlet initServletBean - Initializing Servlet 'appServlet'
[INFO] 2022-10-21 16:55:56,125 org.springframework.web.servlet.DispatcherServlet initServletBean - Completed initialization in 719 ms
[INFO] 2022-10-21 17:05:38,519 org.springframework.web.context.ContextLoader initWebApplicationContext - Root WebApplicationContext: initialization started
[INFO] 2022-10-21 17:05:39,735 org.springframework.web.context.ContextLoader initWebApplicationContext - Root WebApplicationContext initialized in 1214 ms
[INFO] 2022-10-21 17:05:39,773 org.springframework.web.servlet.DispatcherServlet initServletBean - Initializing Servlet 'appServlet'
[INFO] 2022-10-21 17:05:40,429 org.springframework.web.servlet.DispatcherServlet initServletBean - Completed initialization in 655 ms
[INFO] 2022-10-21 17:08:46,404 org.springframework.web.context.ContextLoader initWebApplicationContext - Root WebApplicationContext: initialization started
[INFO] 2022-10-21 17:08:52,225 org.springframework.web.context.ContextLoader initWebApplicationContext - Root WebApplicationContext: initialization started
[INFO] 2022-10-21 17:08:53,468 org.springframework.web.context.ContextLoader initWebApplicationContext - Root WebApplicationContext initialized in 1240 ms
[INFO] 2022-10-21 17:08:53,505 org.springframework.web.servlet.DispatcherServlet initServletBean - Initializing Servlet 'appServlet'
[INFO] 2022-10-21 17:08:54,176 org.springframework.web.servlet.DispatcherServlet initServletBean - Completed initialization in 671 ms
[INFO] 2022-10-21 17:09:41,195 org.springframework.web.context.ContextLoader initWebApplicationContext - Root WebApplicationContext: initialization started
[INFO] 2022-10-21 17:09:42,220 org.springframework.web.context.ContextLoader initWebApplicationContext - Root WebApplicationContext initialized in 1023 ms
[INFO] 2022-10-21 17:09:42,255 org.springframework.web.servlet.DispatcherServlet initServletBean - Initializing Servlet 'appServlet'
[INFO] 2022-10-21 17:09:42,882 org.springframework.web.servlet.DispatcherServlet initServletBean - Completed initialization in 627 ms
[INFO] 2022-10-21 17:10:38,732 org.springframework.web.context.ContextLoader initWebApplicationContext - Root WebApplicationContext: initialization started
[INFO] 2022-10-21 17:10:39,974 org.springframework.web.context.ContextLoader initWebApplicationContext - Root WebApplicationContext initialized in 1239 ms
[INFO] 2022-10-21 17:10:40,012 org.springframework.web.servlet.DispatcherServlet initServletBean - Initializing Servlet 'appServlet'
[INFO] 2022-10-21 17:10:40,663 org.springframework.web.servlet.DispatcherServlet initServletBean - Completed initialization in 651 ms
[INFO] 2022-10-21 17:11:50,706 org.springframework.web.context.ContextLoader initWebApplicationContext - Root WebApplicationContext: initialization started
[INFO] 2022-10-21 17:11:51,956 org.springframework.web.context.ContextLoader initWebApplicationContext - Root WebApplicationContext initialized in 1247 ms
[INFO] 2022-10-21 17:11:51,994 org.springframework.web.servlet.DispatcherServlet initServletBean - Initializing Servlet 'appServlet'
[INFO] 2022-10-21 17:11:52,655 org.springframework.web.servlet.DispatcherServlet initServletBean - Completed initialization in 661 ms
[INFO] 2022-10-21 17:14:17,532 org.springframework.web.context.ContextLoader initWebApplicationContext - Root WebApplicationContext: initialization started
[INFO] 2022-10-21 17:14:18,767 org.springframework.web.context.ContextLoader initWebApplicationContext - Root WebApplicationContext initialized in 1232 ms
[INFO] 2022-10-21 17:14:18,803 org.springframework.web.servlet.DispatcherServlet initServletBean - Initializing Servlet 'appServlet'
[INFO] 2022-10-21 17:14:19,446 org.springframework.web.servlet.DispatcherServlet initServletBean - Completed initialization in 642 ms
[INFO] 2022-10-21 17:15:50,936 org.springframework.web.context.ContextLoader initWebApplicationContext - Root WebApplicationContext: initialization started
[INFO] 2022-10-21 17:15:52,171 org.springframework.web.context.ContextLoader initWebApplicationContext - Root WebApplicationContext initialized in 1232 ms
[INFO] 2022-10-21 17:15:52,208 org.springframework.web.servlet.DispatcherServlet initServletBean - Initializing Servlet 'appServlet'
[INFO] 2022-10-21 17:15:52,866 org.springframework.web.servlet.DispatcherServlet initServletBean - Completed initialization in 658 ms
[INFO] 2022-10-21 17:16:04,805 org.springframework.web.context.ContextLoader initWebApplicationContext - Root WebApplicationContext: initialization started
[INFO] 2022-10-21 17:16:05,854 org.springframework.web.context.ContextLoader initWebApplicationContext - Root WebApplicationContext initialized in 1047 ms
[INFO] 2022-10-21 17:16:05,887 org.springframework.web.servlet.DispatcherServlet initServletBean - Initializing Servlet 'appServlet'
[INFO] 2022-10-21 17:16:06,517 org.springframework.web.servlet.DispatcherServlet initServletBean - Completed initialization in 629 ms
[INFO] 2022-10-21 17:16:14,109 org.springframework.web.context.ContextLoader initWebApplicationContext - Root WebApplicationContext: initialization started
[INFO] 2022-10-21 17:16:15,342 org.springframework.web.context.ContextLoader initWebApplicationContext - Root WebApplicationContext initialized in 1230 ms
[INFO] 2022-10-21 17:16:15,381 org.springframework.web.servlet.DispatcherServlet initServletBean - Initializing Servlet 'appServlet'
[INFO] 2022-10-21 17:16:16,028 org.springframework.web.servlet.DispatcherServlet initServletBean - Completed initialization in 647 ms
